{"C:\\GIT\\jest-riptutorial\\src\\fizzbuzz.ts": {"path":"C:\\GIT\\jest-riptutorial\\src\\fizzbuzz.ts","statementMap":{"0":{"start":{"line":2,"column":17},"end":{"line":2,"column":19}},"1":{"start":{"line":3,"column":4},"end":{"line":13,"column":null}},"2":{"start":{"line":3,"column":17},"end":{"line":3,"column":18}},"3":{"start":{"line":4,"column":8},"end":{"line":6,"column":null}},"4":{"start":{"line":5,"column":12},"end":{"line":5,"column":30}},"5":{"start":{"line":7,"column":8},"end":{"line":9,"column":null}},"6":{"start":{"line":8,"column":12},"end":{"line":8,"column":30}},"7":{"start":{"line":10,"column":8},"end":{"line":12,"column":null}},"8":{"start":{"line":11,"column":12},"end":{"line":11,"column":30}},"9":{"start":{"line":14,"column":4},"end":{"line":14,"column":18}},"10":{"start":{"line":1,"column":0},"end":{"line":1,"column":16}}},"fnMap":{"0":{"name":"fizzBuzz","decl":{"start":{"line":1,"column":16},"end":{"line":1,"column":24}},"loc":{"start":{"line":1,"column":34},"end":{"line":15,"column":1}}}},"branchMap":{"0":{"loc":{"start":{"line":4,"column":8},"end":{"line":6,"column":null}},"type":"if","locations":[{"start":{"line":4,"column":8},"end":{"line":6,"column":null}},{"start":{"line":4,"column":8},"end":{"line":6,"column":null}}]},"1":{"loc":{"start":{"line":4,"column":12},"end":{"line":4,"column":17}},"type":"binary-expr","locations":[{"start":{"line":4,"column":12},"end":{"line":4,"column":17}},{"start":{"line":4,"column":21},"end":{"line":4,"column":26}}]},"2":{"loc":{"start":{"line":7,"column":8},"end":{"line":9,"column":null}},"type":"if","locations":[{"start":{"line":7,"column":8},"end":{"line":9,"column":null}},{"start":{"line":7,"column":8},"end":{"line":9,"column":null}}]},"3":{"loc":{"start":{"line":10,"column":8},"end":{"line":12,"column":null}},"type":"if","locations":[{"start":{"line":10,"column":8},"end":{"line":12,"column":null}},{"start":{"line":10,"column":8},"end":{"line":12,"column":null}}]}},"s":{"0":2,"1":2,"2":2,"3":5,"4":4,"5":5,"6":1,"7":5,"8":0,"9":2,"10":1},"f":{"0":2},"b":{"0":[4,1],"1":[5,5],"2":[1,4],"3":[0,5]}}
,"C:\\GIT\\jest-riptutorial\\src\\core\\BaseEntity.ts": {"path":"C:\\GIT\\jest-riptutorial\\src\\core\\BaseEntity.ts","statementMap":{"0":{"start":{"line":1,"column":0},"end":{"line":1,"column":51}},"1":{"start":{"line":2,"column":0},"end":{"line":2,"column":13}}},"fnMap":{},"branchMap":{},"s":{"0":1,"1":1},"f":{},"b":{}}
,"C:\\GIT\\jest-riptutorial\\src\\modules\\main\\Access\\@types\\index.ts": {"path":"C:\\GIT\\jest-riptutorial\\src\\modules\\main\\Access\\@types\\index.ts","statementMap":{"0":{"start":{"line":1,"column":0},"end":{"line":1,"column":null}},"1":{"start":{"line":2,"column":2},"end":{"line":2,"column":null}},"2":{"start":{"line":3,"column":2},"end":{"line":3,"column":null}},"3":{"start":{"line":4,"column":2},"end":{"line":4,"column":null}},"4":{"start":{"line":5,"column":2},"end":{"line":5,"column":null}},"5":{"start":{"line":6,"column":2},"end":{"line":6,"column":null}},"6":{"start":{"line":7,"column":2},"end":{"line":7,"column":null}},"7":{"start":{"line":8,"column":2},"end":{"line":8,"column":null}},"8":{"start":{"line":9,"column":2},"end":{"line":9,"column":null}},"9":{"start":{"line":10,"column":2},"end":{"line":10,"column":null}}},"fnMap":{"0":{"name":"(anonymous_0)","decl":{"start":{"line":1,"column":0},"end":{"line":1,"column":12}},"loc":{"start":{"line":1,"column":26},"end":{"line":11,"column":1}}}},"branchMap":{"0":{"loc":{"start":{"line":1,"column":12},"end":{"line":1,"column":26}},"type":"binary-expr","locations":[{"start":{"line":1,"column":12},"end":{"line":1,"column":26}},{"start":{"line":1,"column":12},"end":{"line":1,"column":null}}]}},"s":{"0":1,"1":1,"2":1,"3":1,"4":1,"5":1,"6":1,"7":1,"8":1,"9":1},"f":{"0":1},"b":{"0":[1,1]}}
,"C:\\GIT\\jest-riptutorial\\src\\modules\\main\\Access\\entities\\Access.entity.ts": {"path":"C:\\GIT\\jest-riptutorial\\src\\modules\\main\\Access\\entities\\Access.entity.ts","statementMap":{"0":{"start":{"line":1,"column":0},"end":{"line":1,"column":62}},"1":{"start":{"line":2,"column":0},"end":{"line":2,"column":54}},"2":{"start":{"line":3,"column":0},"end":{"line":3,"column":71}},"3":{"start":{"line":4,"column":0},"end":{"line":4,"column":56}},"4":{"start":{"line":7,"column":0},"end":{"line":7,"column":75}},"5":{"start":{"line":8,"column":0},"end":{"line":8,"column":42}},"6":{"start":{"line":11,"column":0},"end":{"line":163,"column":null}},"7":{"start":{"line":15,"column":2},"end":{"line":15,"column":null}},"8":{"start":{"line":19,"column":2},"end":{"line":19,"column":null}},"9":{"start":{"line":23,"column":2},"end":{"line":23,"column":null}},"10":{"start":{"line":29,"column":2},"end":{"line":29,"column":null}},"11":{"start":{"line":35,"column":2},"end":{"line":35,"column":null}},"12":{"start":{"line":41,"column":2},"end":{"line":41,"column":null}},"13":{"start":{"line":47,"column":2},"end":{"line":47,"column":null}},"14":{"start":{"line":51,"column":2},"end":{"line":51,"column":null}},"15":{"start":{"line":55,"column":2},"end":{"line":55,"column":null}},"16":{"start":{"line":59,"column":2},"end":{"line":59,"column":null}},"17":{"start":{"line":63,"column":2},"end":{"line":63,"column":null}},"18":{"start":{"line":67,"column":2},"end":{"line":67,"column":null}},"19":{"start":{"line":71,"column":2},"end":{"line":71,"column":null}},"20":{"start":{"line":75,"column":2},"end":{"line":75,"column":null}},"21":{"start":{"line":79,"column":2},"end":{"line":79,"column":null}},"22":{"start":{"line":83,"column":2},"end":{"line":83,"column":null}},"23":{"start":{"line":87,"column":2},"end":{"line":87,"column":null}},"24":{"start":{"line":91,"column":2},"end":{"line":91,"column":null}},"25":{"start":{"line":89,"column":73},"end":{"line":89,"column":74}},"26":{"start":{"line":96,"column":2},"end":{"line":96,"column":null}},"27":{"start":{"line":94,"column":77},"end":{"line":94,"column":78}},"28":{"start":{"line":100,"column":2},"end":{"line":100,"column":null}},"29":{"start":{"line":98,"column":82},"end":{"line":98,"column":83}},"30":{"start":{"line":104,"column":2},"end":{"line":104,"column":null}},"31":{"start":{"line":102,"column":77},"end":{"line":102,"column":78}},"32":{"start":{"line":108,"column":2},"end":{"line":108,"column":null}},"33":{"start":{"line":106,"column":78},"end":{"line":106,"column":79}},"34":{"start":{"line":112,"column":2},"end":{"line":112,"column":null}},"35":{"start":{"line":110,"column":76},"end":{"line":110,"column":77}},"36":{"start":{"line":116,"column":2},"end":{"line":116,"column":null}},"37":{"start":{"line":114,"column":80},"end":{"line":114,"column":81}},"38":{"start":{"line":120,"column":2},"end":{"line":120,"column":null}},"39":{"start":{"line":118,"column":71},"end":{"line":118,"column":72}},"40":{"start":{"line":125,"column":2},"end":{"line":125,"column":null}},"41":{"start":{"line":122,"column":75},"end":{"line":122,"column":94}},"42":{"start":{"line":130,"column":2},"end":{"line":130,"column":null}},"43":{"start":{"line":136,"column":2},"end":{"line":136,"column":null}},"44":{"start":{"line":132,"column":76},"end":{"line":132,"column":77}},"45":{"start":{"line":141,"column":2},"end":{"line":141,"column":null}},"46":{"start":{"line":145,"column":2},"end":{"line":145,"column":null}},"47":{"start":{"line":154,"column":2},"end":{"line":154,"column":null}},"48":{"start":{"line":153,"column":28},"end":{"line":153,"column":54}},"49":{"start":{"line":158,"column":2},"end":{"line":158,"column":null}},"50":{"start":{"line":156,"column":72},"end":{"line":156,"column":75}},"51":{"start":{"line":11,"column":13},"end":{"line":163,"column":null}},"52":{"start":{"line":11,"column":13},"end":{"line":11,"column":25}}},"fnMap":{"0":{"name":"(anonymous_2)","decl":{"start":{"line":89,"column":67},"end":{"line":89,"column":70}},"loc":{"start":{"line":89,"column":73},"end":{"line":89,"column":74}}},"1":{"name":"(anonymous_3)","decl":{"start":{"line":94,"column":71},"end":{"line":94,"column":74}},"loc":{"start":{"line":94,"column":77},"end":{"line":94,"column":78}}},"2":{"name":"(anonymous_4)","decl":{"start":{"line":98,"column":76},"end":{"line":98,"column":79}},"loc":{"start":{"line":98,"column":82},"end":{"line":98,"column":83}}},"3":{"name":"(anonymous_5)","decl":{"start":{"line":102,"column":71},"end":{"line":102,"column":74}},"loc":{"start":{"line":102,"column":77},"end":{"line":102,"column":78}}},"4":{"name":"(anonymous_6)","decl":{"start":{"line":106,"column":72},"end":{"line":106,"column":75}},"loc":{"start":{"line":106,"column":78},"end":{"line":106,"column":79}}},"5":{"name":"(anonymous_7)","decl":{"start":{"line":110,"column":70},"end":{"line":110,"column":73}},"loc":{"start":{"line":110,"column":76},"end":{"line":110,"column":77}}},"6":{"name":"(anonymous_8)","decl":{"start":{"line":114,"column":74},"end":{"line":114,"column":77}},"loc":{"start":{"line":114,"column":80},"end":{"line":114,"column":81}}},"7":{"name":"(anonymous_9)","decl":{"start":{"line":118,"column":65},"end":{"line":118,"column":68}},"loc":{"start":{"line":118,"column":71},"end":{"line":118,"column":72}}},"8":{"name":"(anonymous_10)","decl":{"start":{"line":122,"column":69},"end":{"line":122,"column":72}},"loc":{"start":{"line":122,"column":75},"end":{"line":122,"column":94}}},"9":{"name":"(anonymous_11)","decl":{"start":{"line":132,"column":70},"end":{"line":132,"column":73}},"loc":{"start":{"line":132,"column":76},"end":{"line":132,"column":77}}},"10":{"name":"(anonymous_12)","decl":{"start":{"line":153,"column":13},"end":{"line":153,"column":14}},"loc":{"start":{"line":153,"column":28},"end":{"line":153,"column":54}}},"11":{"name":"(anonymous_13)","decl":{"start":{"line":156,"column":66},"end":{"line":156,"column":69}},"loc":{"start":{"line":156,"column":72},"end":{"line":156,"column":75}}}},"branchMap":{},"s":{"0":1,"1":1,"2":1,"3":1,"4":1,"5":1,"6":1,"7":1,"8":1,"9":1,"10":1,"11":1,"12":1,"13":1,"14":1,"15":1,"16":1,"17":1,"18":1,"19":1,"20":1,"21":1,"22":1,"23":1,"24":1,"25":0,"26":1,"27":0,"28":1,"29":0,"30":1,"31":0,"32":1,"33":0,"34":1,"35":0,"36":1,"37":0,"38":1,"39":0,"40":1,"41":0,"42":1,"43":1,"44":0,"45":1,"46":1,"47":1,"48":0,"49":1,"50":0,"51":1,"52":1},"f":{"0":0,"1":0,"2":0,"3":0,"4":0,"5":0,"6":0,"7":0,"8":0,"9":0,"10":0,"11":0},"b":{}}
,"C:\\GIT\\jest-riptutorial\\src\\modules\\main\\Access\\services\\Access.service.ts": {"path":"C:\\GIT\\jest-riptutorial\\src\\modules\\main\\Access\\services\\Access.service.ts","statementMap":{"0":{"start":{"line":1,"column":0},"end":{"line":1,"column":43}},"1":{"start":{"line":2,"column":0},"end":{"line":2,"column":50}},"2":{"start":{"line":3,"column":0},"end":{"line":3,"column":36}},"3":{"start":{"line":4,"column":0},"end":{"line":4,"column":56}},"4":{"start":{"line":7,"column":0},"end":{"line":41,"column":null}},"5":{"start":{"line":10,"column":12},"end":{"line":10,"column":24}},"6":{"start":{"line":14,"column":4},"end":{"line":17,"column":null}},"7":{"start":{"line":21,"column":4},"end":{"line":24,"column":null}},"8":{"start":{"line":28,"column":4},"end":{"line":31,"column":null}},"9":{"start":{"line":35,"column":4},"end":{"line":38,"column":null}},"10":{"start":{"line":7,"column":13},"end":{"line":41,"column":null}},"11":{"start":{"line":7,"column":13},"end":{"line":7,"column":26}}},"fnMap":{"0":{"name":"(anonymous_4)","decl":{"start":{"line":8,"column":2},"end":{"line":8,"column":null}},"loc":{"start":{"line":10,"column":48},"end":{"line":11,"column":6}}},"1":{"name":"(anonymous_5)","decl":{"start":{"line":13,"column":2},"end":{"line":13,"column":7}},"loc":{"start":{"line":13,"column":37},"end":{"line":18,"column":3}}},"2":{"name":"(anonymous_6)","decl":{"start":{"line":20,"column":2},"end":{"line":20,"column":7}},"loc":{"start":{"line":20,"column":33},"end":{"line":25,"column":3}}},"3":{"name":"(anonymous_7)","decl":{"start":{"line":27,"column":2},"end":{"line":27,"column":7}},"loc":{"start":{"line":27,"column":47},"end":{"line":32,"column":3}}},"4":{"name":"(anonymous_8)","decl":{"start":{"line":34,"column":2},"end":{"line":34,"column":7}},"loc":{"start":{"line":34,"column":42},"end":{"line":39,"column":3}}}},"branchMap":{},"s":{"0":1,"1":1,"2":1,"3":1,"4":1,"5":1,"6":0,"7":1,"8":0,"9":0,"10":1,"11":1},"f":{"0":1,"1":0,"2":1,"3":0,"4":0},"b":{}}
}
