TN:
SF:src\fizzbuzz.ts
FN:1,fizzBuzz
FNF:1
FNH:1
FNDA:2,fizzBuzz
DA:1,1
DA:2,2
DA:3,2
DA:4,5
DA:5,4
DA:7,5
DA:8,1
DA:10,5
DA:11,0
DA:14,2
LF:10
LH:9
BRDA:4,0,0,4
BRDA:4,0,1,1
BRDA:4,1,0,5
BRDA:4,1,1,5
BRDA:7,2,0,1
BRDA:7,2,1,4
BRDA:10,3,0,0
BRDA:10,3,1,5
BRF:8
BRH:7
end_of_record
TN:
SF:src\core\BaseEntity.ts
FNF:0
FNH:0
DA:1,1
DA:2,1
LF:2
LH:2
BRF:0
BRH:0
end_of_record
TN:
SF:src\modules\main\Access\@types\index.ts
FN:1,(anonymous_0)
FNF:1
FNH:1
FNDA:1,(anonymous_0)
DA:1,1
DA:2,1
DA:3,1
DA:4,1
DA:5,1
DA:6,1
DA:7,1
DA:8,1
DA:9,1
DA:10,1
LF:10
LH:10
BRDA:1,0,0,1
BRDA:1,0,1,1
BRF:2
BRH:2
end_of_record
TN:
SF:src\modules\main\Access\entities\Access.entity.ts
FN:89,(anonymous_2)
FN:94,(anonymous_3)
FN:98,(anonymous_4)
FN:102,(anonymous_5)
FN:106,(anonymous_6)
FN:110,(anonymous_7)
FN:114,(anonymous_8)
FN:118,(anonymous_9)
FN:122,(anonymous_10)
FN:132,(anonymous_11)
FN:153,(anonymous_12)
FN:156,(anonymous_13)
FNF:12
FNH:0
FNDA:0,(anonymous_2)
FNDA:0,(anonymous_3)
FNDA:0,(anonymous_4)
FNDA:0,(anonymous_5)
FNDA:0,(anonymous_6)
FNDA:0,(anonymous_7)
FNDA:0,(anonymous_8)
FNDA:0,(anonymous_9)
FNDA:0,(anonymous_10)
FNDA:0,(anonymous_11)
FNDA:0,(anonymous_12)
FNDA:0,(anonymous_13)
DA:1,1
DA:2,1
DA:3,1
DA:4,1
DA:7,1
DA:8,1
DA:11,1
DA:15,1
DA:19,1
DA:23,1
DA:29,1
DA:35,1
DA:41,1
DA:47,1
DA:51,1
DA:55,1
DA:59,1
DA:63,1
DA:67,1
DA:71,1
DA:75,1
DA:79,1
DA:83,1
DA:87,1
DA:89,0
DA:91,1
DA:94,0
DA:96,1
DA:98,0
DA:100,1
DA:102,0
DA:104,1
DA:106,0
DA:108,1
DA:110,0
DA:112,1
DA:114,0
DA:116,1
DA:118,0
DA:120,1
DA:122,0
DA:125,1
DA:130,1
DA:132,0
DA:136,1
DA:141,1
DA:145,1
DA:153,0
DA:154,1
DA:156,0
DA:158,1
LF:51
LH:39
BRF:0
BRH:0
end_of_record
TN:
SF:src\modules\main\Access\services\Access.service.ts
FN:8,(anonymous_4)
FN:13,(anonymous_5)
FN:20,(anonymous_6)
FN:27,(anonymous_7)
FN:34,(anonymous_8)
FNF:5
FNH:2
FNDA:1,(anonymous_4)
FNDA:0,(anonymous_5)
FNDA:1,(anonymous_6)
FNDA:0,(anonymous_7)
FNDA:0,(anonymous_8)
DA:1,1
DA:2,1
DA:3,1
DA:4,1
DA:7,1
DA:10,1
DA:14,0
DA:21,1
DA:28,0
DA:35,0
LF:10
LH:7
BRF:0
BRH:0
end_of_record
