{"/Users/nadies/typescript/jest-riptutorial/src/fizzbuzz.ts": {"path":"/Users/nadies/typescript/jest-riptutorial/src/fizzbuzz.ts","statementMap":{"0":{"start":{"line":2,"column":17},"end":{"line":2,"column":19}},"1":{"start":{"line":3,"column":4},"end":{"line":13,"column":null}},"2":{"start":{"line":3,"column":17},"end":{"line":3,"column":18}},"3":{"start":{"line":4,"column":8},"end":{"line":6,"column":null}},"4":{"start":{"line":5,"column":12},"end":{"line":5,"column":30}},"5":{"start":{"line":7,"column":8},"end":{"line":9,"column":null}},"6":{"start":{"line":8,"column":12},"end":{"line":8,"column":30}},"7":{"start":{"line":10,"column":8},"end":{"line":12,"column":null}},"8":{"start":{"line":11,"column":12},"end":{"line":11,"column":30}},"9":{"start":{"line":14,"column":4},"end":{"line":14,"column":18}},"10":{"start":{"line":1,"column":0},"end":{"line":1,"column":16}}},"fnMap":{"0":{"name":"fizzBuzz","decl":{"start":{"line":1,"column":16},"end":{"line":1,"column":24}},"loc":{"start":{"line":1,"column":34},"end":{"line":15,"column":1}}}},"branchMap":{"0":{"loc":{"start":{"line":4,"column":8},"end":{"line":6,"column":null}},"type":"if","locations":[{"start":{"line":4,"column":8},"end":{"line":6,"column":null}},{"start":{"line":4,"column":8},"end":{"line":6,"column":null}}]},"1":{"loc":{"start":{"line":4,"column":12},"end":{"line":4,"column":17}},"type":"binary-expr","locations":[{"start":{"line":4,"column":12},"end":{"line":4,"column":17}},{"start":{"line":4,"column":21},"end":{"line":4,"column":26}}]},"2":{"loc":{"start":{"line":7,"column":8},"end":{"line":9,"column":null}},"type":"if","locations":[{"start":{"line":7,"column":8},"end":{"line":9,"column":null}},{"start":{"line":7,"column":8},"end":{"line":9,"column":null}}]},"3":{"loc":{"start":{"line":10,"column":8},"end":{"line":12,"column":null}},"type":"if","locations":[{"start":{"line":10,"column":8},"end":{"line":12,"column":null}},{"start":{"line":10,"column":8},"end":{"line":12,"column":null}}]}},"s":{"0":2,"1":2,"2":2,"3":5,"4":4,"5":5,"6":1,"7":5,"8":0,"9":2,"10":1},"f":{"0":2},"b":{"0":[4,1],"1":[5,5],"2":[1,4],"3":[0,5]}}
}
